<?xml version="1.0" encoding="UTF-8"?>
<!-- Generated by org.testng.reporters.JUnitReportReporter -->
<testsuite skipped="0" hostname="LAPTOP-HJB14FG8" name="JenkinsTestCase.ValidateCustomer" tests="1" failures="0" timestamp="23 May 2021 14:21:46 GMT" time="1.516" errors="0">
  <testcase name="sendGetRequest" time="1.516" classname="JenkinsTestCase.ValidateCustomer"/>
</testsuite> <!-- JenkinsTestCase.ValidateCustomer -->
